Traceback (most recent call last):
  File "/Users/shuoshan/Documents/code/hemera-indexer/hemera.py", line 1, in <module>
    from cli import cli
  File "/Users/shuoshan/Documents/code/hemera-indexer/cli/__init__.py", line 6, in <module>
    from cli.reorg import reorg
  File "/Users/shuoshan/Documents/code/hemera-indexer/cli/reorg.py", line 9, in <module>
    from indexer.controller.scheduler.reorg_scheduler import ReorgScheduler
  File "/Users/shuoshan/Documents/code/hemera-indexer/indexer/controller/scheduler/reorg_scheduler.py", line 12, in <module>
    from indexer.jobs import FilterTransactionDataJob
  File "/Users/shuoshan/Documents/code/hemera-indexer/indexer/jobs/__init__.py", line 24, in <module>
    from indexer.jobs.source_job.csv_source_job import CSVSourceJob
  File "/Users/shuoshan/Documents/code/hemera-indexer/indexer/jobs/source_job/csv_source_job.py", line 5, in <module>
    import pandas
  File "/Users/shuoshan/Documents/code/hemera-indexer/.venv/lib/python3.11/site-packages/pandas/__init__.py", line 49, in <module>
    from pandas.core.api import (
  File "/Users/shuoshan/Documents/code/hemera-indexer/.venv/lib/python3.11/site-packages/pandas/core/api.py", line 47, in <module>
    from pandas.core.groupby import (
  File "/Users/shuoshan/Documents/code/hemera-indexer/.venv/lib/python3.11/site-packages/pandas/core/groupby/__init__.py", line 1, in <module>
    from pandas.core.groupby.generic import (
  File "/Users/shuoshan/Documents/code/hemera-indexer/.venv/lib/python3.11/site-packages/pandas/core/groupby/generic.py", line 68, in <module>
    from pandas.core.frame import DataFrame
  File "/Users/shuoshan/Documents/code/hemera-indexer/.venv/lib/python3.11/site-packages/pandas/core/frame.py", line 149, in <module>
    from pandas.core.generic import (
  File "/Users/shuoshan/Documents/code/hemera-indexer/.venv/lib/python3.11/site-packages/pandas/core/generic.py", line 193, in <module>
    from pandas.core.window import (
  File "<frozen importlib._bootstrap>", line 1176, in _find_and_load
  File "<frozen importlib._bootstrap>", line 1147, in _find_and_load_unlocked
  File "<frozen importlib._bootstrap>", line 690, in _load_unlocked
  File "<frozen importlib._bootstrap_external>", line 936, in exec_module
  File "<frozen importlib._bootstrap_external>", line 1032, in get_code
  File "<frozen importlib._bootstrap_external>", line 1131, in get_data
KeyboardInterrupt
